======================================================================
Building Strong's Dictionary References
======================================================================
Fetching Greek (NT) file list...
Fetching https://raw.githubusercontent.com/Clear-Bible/macula-greek/main/SBLGNT/lowfat/01-matthew.xml...
Fetching https://raw.githubusercontent.com/Clear-Bible/macula-greek/main/SBLGNT/lowfat/02-mark.xml...
Fetching https://raw.githubusercontent.com/Clear-Bible/macula-greek/main/SBLGNT/lowfat/03-luke.xml...
Fetching https://raw.githubusercontent.com/Clear-Bible/macula-greek/main/SBLGNT/lowfat/04-john.xml...
Fetching https://raw.githubusercontent.com/Clear-Bible/macula-greek/main/SBLGNT/lowfat/05-acts.xml...
Fetching https://raw.githubusercontent.com/Clear-Bible/macula-greek/main/SBLGNT/lowfat/06-romans.xml...
Fetching https://raw.githubusercontent.com/Clear-Bible/macula-greek/main/SBLGNT/lowfat/07-1corinthians.xml...
Fetching https://raw.githubusercontent.com/Clear-Bible/macula-greek/main/SBLGNT/lowfat/08-2corinthians.xml...
Fetching https://raw.githubusercontent.com/Clear-Bible/macula-greek/main/SBLGNT/lowfat/09-galatians.xml...
Fetching https://raw.githubusercontent.com/Clear-Bible/macula-greek/main/SBLGNT/lowfat/10-ephesians.xml...
Fetching https://raw.githubusercontent.com/Clear-Bible/macula-greek/main/SBLGNT/lowfat/11-philippians.xml...
Fetching https://raw.githubusercontent.com/Clear-Bible/macula-greek/main/SBLGNT/lowfat/12-colossians.xml...
Fetching https://raw.githubusercontent.com/Clear-Bible/macula-greek/main/SBLGNT/lowfat/13-1thessalonians.xml...
Fetching https://raw.githubusercontent.com/Clear-Bible/macula-greek/main/SBLGNT/lowfat/14-2thessalonians.xml...
Fetching https://raw.githubusercontent.com/Clear-Bible/macula-greek/main/SBLGNT/lowfat/15-1timothy.xml...
Fetching https://raw.githubusercontent.com/Clear-Bible/macula-greek/main/SBLGNT/lowfat/16-2timothy.xml...
Fetching https://raw.githubusercontent.com/Clear-Bible/macula-greek/main/SBLGNT/lowfat/17-titus.xml...
Fetching https://raw.githubusercontent.com/Clear-Bible/macula-greek/main/SBLGNT/lowfat/18-philemon.xml...
Fetching https://raw.githubusercontent.com/Clear-Bible/macula-greek/main/SBLGNT/lowfat/19-hebrews.xml...
Fetching https://raw.githubusercontent.com/Clear-Bible/macula-greek/main/SBLGNT/lowfat/20-james.xml...
Fetching https://raw.githubusercontent.com/Clear-Bible/macula-greek/main/SBLGNT/lowfat/21-1peter.xml...
Fetching https://raw.githubusercontent.com/Clear-Bible/macula-greek/main/SBLGNT/lowfat/22-2peter.xml...
Fetching https://raw.githubusercontent.com/Clear-Bible/macula-greek/main/SBLGNT/lowfat/23-1john.xml...
Fetching https://raw.githubusercontent.com/Clear-Bible/macula-greek/main/SBLGNT/lowfat/24-2john.xml...
Fetching https://raw.githubusercontent.com/Clear-Bible/macula-greek/main/SBLGNT/lowfat/25-3john.xml...
Fetching https://raw.githubusercontent.com/Clear-Bible/macula-greek/main/SBLGNT/lowfat/26-jude.xml...
Fetching https://raw.githubusercontent.com/Clear-Bible/macula-greek/main/SBLGNT/lowfat/27-revelation.xml...
Fetching Hebrew (OT) file list...
Fetching https://raw.githubusercontent.com/Clear-Bible/macula-hebrew/main/WLC/lowfat/01-Gen-001-lowfat.xml...
Fetching https://raw.githubusercontent.com/Clear-Bible/macula-hebrew/main/WLC/lowfat/01-Gen-002-lowfat.xml...
Fetching https://raw.githubusercontent.com/Clear-Bible/macula-hebrew/main/WLC/lowfat/01-Gen-003-lowfat.xml...
Fetching https://raw.githubusercontent.com/Clear-Bible/macula-hebrew/main/WLC/lowfat/01-Gen-004-lowfat.xml...
Fetching https://raw.githubusercontent.com/Clear-Bible/macula-hebrew/main/WLC/lowfat/01-Gen-005-lowfat.xml...
Fetching https://raw.githubusercontent.com/Clear-Bible/macula-hebrew/main/WLC/lowfat/01-Gen-006-lowfat.xml...
Fetching https://raw.githubusercontent.com/Clear-Bible/macula-hebrew/main/WLC/lowfat/01-Gen-007-lowfat.xml...
Fetching https://raw.githubusercontent.com/Clear-Bible/macula-hebrew/main/WLC/lowfat/01-Gen-008-lowfat.xml...
Fetching https://raw.githubusercontent.com/Clear-Bible/macula-hebrew/main/WLC/lowfat/01-Gen-009-lowfat.xml...
Fetching https://raw.githubusercontent.com/Clear-Bible/macula-hebrew/main/WLC/lowfat/01-Gen-010-lowfat.xml...
Fetching https://raw.githubusercontent.com/Clear-Bible/macula-hebrew/main/WLC/lowfat/01-Gen-011-lowfat.xml...
Fetching https://raw.githubusercontent.com/Clear-Bible/macula-hebrew/main/WLC/lowfat/01-Gen-012-lowfat.xml...
Fetching https://raw.githubusercontent.com/Clear-Bible/macula-hebrew/main/WLC/lowfat/01-Gen-013-lowfat.xml...
Fetching https://raw.githubusercontent.com/Clear-Bible/macula-hebrew/main/WLC/lowfat/01-Gen-014-lowfat.xml...
Fetching https://raw.githubusercontent.com/Clear-Bible/macula-hebrew/main/WLC/lowfat/01-Gen-015-lowfat.xml...
Fetching https://raw.githubusercontent.com/Clear-Bible/macula-hebrew/main/WLC/lowfat/01-Gen-016-lowfat.xml...
Fetching https://raw.githubusercontent.com/Clear-Bible/macula-hebrew/main/WLC/lowfat/01-Gen-017-lowfat.xml...
Fetching https://raw.githubusercontent.com/Clear-Bible/macula-hebrew/main/WLC/lowfat/01-Gen-018-lowfat.xml...
Fetching https://raw.githubusercontent.com/Clear-Bible/macula-hebrew/main/WLC/lowfat/01-Gen-019-lowfat.xml...
Fetching https://raw.githubusercontent.com/Clear-Bible/macula-hebrew/main/WLC/lowfat/01-Gen-020-lowfat.xml...
Fetching https://raw.githubusercontent.com/Clear-Bible/macula-hebrew/main/WLC/lowfat/01-Gen-021-lowfat.xml...
Fetching https://raw.githubusercontent.com/Clear-Bible/macula-hebrew/main/WLC/lowfat/01-Gen-022-lowfat.xml...
Fetching https://raw.githubusercontent.com/Clear-Bible/macula-hebrew/main/WLC/lowfat/01-Gen-023-lowfat.xml...
Fetching https://raw.githubusercontent.com/Clear-Bible/macula-hebrew/main/WLC/lowfat/01-Gen-024-lowfat.xml...
Fetching https://raw.githubusercontent.com/Clear-Bible/macula-hebrew/main/WLC/lowfat/01-Gen-025-lowfat.xml...
Fetching https://raw.githubusercontent.com/Clear-Bible/macula-hebrew/main/WLC/lowfat/01-Gen-026-lowfat.xml...
Fetching https://raw.githubusercontent.com/Clear-Bible/macula-hebrew/main/WLC/lowfat/01-Gen-027-lowfat.xml...
Fetching https://raw.githubusercontent.com/Clear-Bible/macula-hebrew/main/WLC/lowfat/01-Gen-028-lowfat.xml...
Fetching https://raw.githubusercontent.com/Clear-Bible/macula-hebrew/main/WLC/lowfat/01-Gen-029-lowfat.xml...
Fetching https://raw.githubusercontent.com/Clear-Bible/macula-hebrew/main/WLC/lowfat/01-Gen-030-lowfat.xml...
Fetching https://raw.githubusercontent.com/Clear-Bible/macula-hebrew/main/WLC/lowfat/01-Gen-031-lowfat.xml...
Fetching https://raw.githubusercontent.com/Clear-Bible/macula-hebrew/main/WLC/lowfat/01-Gen-032-lowfat.xml...
Fetching https://raw.githubusercontent.com/Clear-Bible/macula-hebrew/main/WLC/lowfat/01-Gen-033-lowfat.xml...
Fetching https://raw.githubusercontent.com/Clear-Bible/macula-hebrew/main/WLC/lowfat/01-Gen-034-lowfat.xml...
Fetching https://raw.githubusercontent.com/Clear-Bible/macula-hebrew/main/WLC/lowfat/01-Gen-035-lowfat.xml...
Fetching https://raw.githubusercontent.com/Clear-Bible/macula-hebrew/main/WLC/lowfat/01-Gen-036-lowfat.xml...
Fetching https://raw.githubusercontent.com/Clear-Bible/macula-hebrew/main/WLC/lowfat/01-Gen-037-lowfat.xml...
Fetching https://raw.githubusercontent.com/Clear-Bible/macula-hebrew/main/WLC/lowfat/01-Gen-038-lowfat.xml...
Fetching https://raw.githubusercontent.com/Clear-Bible/macula-hebrew/main/WLC/lowfat/01-Gen-039-lowfat.xml...
Fetching https://raw.githubusercontent.com/Clear-Bible/macula-hebrew/main/WLC/lowfat/01-Gen-040-lowfat.xml...
Fetching https://raw.githubusercontent.com/Clear-Bible/macula-hebrew/main/WLC/lowfat/01-Gen-041-lowfat.xml...
Fetching https://raw.githubusercontent.com/Clear-Bible/macula-hebrew/main/WLC/lowfat/01-Gen-042-lowfat.xml...
Fetching https://raw.githubusercontent.com/Clear-Bible/macula-hebrew/main/WLC/lowfat/01-Gen-043-lowfat.xml...
Fetching https://raw.githubusercontent.com/Clear-Bible/macula-hebrew/main/WLC/lowfat/01-Gen-044-lowfat.xml...
Fetching https://raw.githubusercontent.com/Clear-Bible/macula-hebrew/main/WLC/lowfat/01-Gen-045-lowfat.xml...
Fetching https://raw.githubusercontent.com/Clear-Bible/macula-hebrew/main/WLC/lowfat/01-Gen-046-lowfat.xml...
Fetching https://raw.githubusercontent.com/Clear-Bible/macula-hebrew/main/WLC/lowfat/01-Gen-047-lowfat.xml...
Fetching https://raw.githubusercontent.com/Clear-Bible/macula-hebrew/main/WLC/lowfat/01-Gen-048-lowfat.xml...
Fetching https://raw.githubusercontent.com/Clear-Bible/macula-hebrew/main/WLC/lowfat/01-Gen-049-lowfat.xml...
Fetching https://raw.githubusercontent.com/Clear-Bible/macula-hebrew/main/WLC/lowfat/01-Gen-050-lowfat.xml...
Fetching https://raw.githubusercontent.com/Clear-Bible/macula-hebrew/main/WLC/lowfat/02-Exo-001-lowfat.xml...
Fetching https://raw.githubusercontent.com/Clear-Bible/macula-hebrew/main/WLC/lowfat/02-Exo-002-lowfat.xml...
Fetching https://raw.githubusercontent.com/Clear-Bible/macula-hebrew/main/WLC/lowfat/02-Exo-003-lowfat.xml...
Fetching https://raw.githubusercontent.com/Clear-Bible/macula-hebrew/main/WLC/lowfat/02-Exo-004-lowfat.xml...
Fetching https://raw.githubusercontent.com/Clear-Bible/macula-hebrew/main/WLC/lowfat/02-Exo-005-lowfat.xml...
Fetching https://raw.githubusercontent.com/Clear-Bible/macula-hebrew/main/WLC/lowfat/02-Exo-006-lowfat.xml...
Fetching https://raw.githubusercontent.com/Clear-Bible/macula-hebrew/main/WLC/lowfat/02-Exo-007-lowfat.xml...
Fetching https://raw.githubusercontent.com/Clear-Bible/macula-hebrew/main/WLC/lowfat/02-Exo-008-lowfat.xml...
Fetching https://raw.githubusercontent.com/Clear-Bible/macula-hebrew/main/WLC/lowfat/02-Exo-009-lowfat.xml...
Fetching https://raw.githubusercontent.com/Clear-Bible/macula-hebrew/main/WLC/lowfat/02-Exo-010-lowfat.xml...
Fetching https://raw.githubusercontent.com/Clear-Bible/macula-hebrew/main/WLC/lowfat/02-Exo-011-lowfat.xml...
Fetching https://raw.githubusercontent.com/Clear-Bible/macula-hebrew/main/WLC/lowfat/02-Exo-012-lowfat.xml...
Fetching https://raw.githubusercontent.com/Clear-Bible/macula-hebrew/main/WLC/lowfat/02-Exo-013-lowfat.xml...
Fetching https://raw.githubusercontent.com/Clear-Bible/macula-hebrew/main/WLC/lowfat/02-Exo-014-lowfat.xml...
Fetching https://raw.githubusercontent.com/Clear-Bible/macula-hebrew/main/WLC/lowfat/02-Exo-015-lowfat.xml...
Fetching https://raw.githubusercontent.com/Clear-Bible/macula-hebrew/main/WLC/lowfat/02-Exo-016-lowfat.xml...
Fetching https://raw.githubusercontent.com/Clear-Bible/macula-hebrew/main/WLC/lowfat/02-Exo-017-lowfat.xml...
Fetching https://raw.githubusercontent.com/Clear-Bible/macula-hebrew/main/WLC/lowfat/02-Exo-018-lowfat.xml...
Fetching https://raw.githubusercontent.com/Clear-Bible/macula-hebrew/main/WLC/lowfat/02-Exo-019-lowfat.xml...
Fetching https://raw.githubusercontent.com/Clear-Bible/macula-hebrew/main/WLC/lowfat/02-Exo-020-lowfat.xml...
Fetching https://raw.githubusercontent.com/Clear-Bible/macula-hebrew/main/WLC/lowfat/02-Exo-021-lowfat.xml...
Fetching https://raw.githubusercontent.com/Clear-Bible/macula-hebrew/main/WLC/lowfat/02-Exo-022-lowfat.xml...
Fetching https://raw.githubusercontent.com/Clear-Bible/macula-hebrew/main/WLC/lowfat/02-Exo-023-lowfat.xml...
Fetching https://raw.githubusercontent.com/Clear-Bible/macula-hebrew/main/WLC/lowfat/02-Exo-024-lowfat.xml...
Fetching https://raw.githubusercontent.com/Clear-Bible/macula-hebrew/main/WLC/lowfat/02-Exo-025-lowfat.xml...
Fetching https://raw.githubusercontent.com/Clear-Bible/macula-hebrew/main/WLC/lowfat/02-Exo-026-lowfat.xml...
Fetching https://raw.githubusercontent.com/Clear-Bible/macula-hebrew/main/WLC/lowfat/02-Exo-027-lowfat.xml...
Fetching https://raw.githubusercontent.com/Clear-Bible/macula-hebrew/main/WLC/lowfat/02-Exo-028-lowfat.xml...
Fetching https://raw.githubusercontent.com/Clear-Bible/macula-hebrew/main/WLC/lowfat/02-Exo-029-lowfat.xml...
Fetching https://raw.githubusercontent.com/Clear-Bible/macula-hebrew/main/WLC/lowfat/02-Exo-030-lowfat.xml...
Fetching https://raw.githubusercontent.com/Clear-Bible/macula-hebrew/main/WLC/lowfat/02-Exo-031-lowfat.xml...
Fetching https://raw.githubusercontent.com/Clear-Bible/macula-hebrew/main/WLC/lowfat/02-Exo-032-lowfat.xml...
Fetching https://raw.githubusercontent.com/Clear-Bible/macula-hebrew/main/WLC/lowfat/02-Exo-033-lowfat.xml...
Fetching https://raw.githubusercontent.com/Clear-Bible/macula-hebrew/main/WLC/lowfat/02-Exo-034-lowfat.xml...
Fetching https://raw.githubusercontent.com/Clear-Bible/macula-hebrew/main/WLC/lowfat/02-Exo-035-lowfat.xml...
Fetching https://raw.githubusercontent.com/Clear-Bible/macula-hebrew/main/WLC/lowfat/02-Exo-036-lowfat.xml...
Fetching https://raw.githubusercontent.com/Clear-Bible/macula-hebrew/main/WLC/lowfat/02-Exo-037-lowfat.xml...
Fetching https://raw.githubusercontent.com/Clear-Bible/macula-hebrew/main/WLC/lowfat/02-Exo-038-lowfat.xml...
Fetching https://raw.githubusercontent.com/Clear-Bible/macula-hebrew/main/WLC/lowfat/02-Exo-039-lowfat.xml...
Fetching https://raw.githubusercontent.com/Clear-Bible/macula-hebrew/main/WLC/lowfat/02-Exo-040-lowfat.xml...
Fetching https://raw.githubusercontent.com/Clear-Bible/macula-hebrew/main/WLC/lowfat/03-Lev-001-lowfat.xml...
Fetching https://raw.githubusercontent.com/Clear-Bible/macula-hebrew/main/WLC/lowfat/03-Lev-002-lowfat.xml...
Fetching https://raw.githubusercontent.com/Clear-Bible/macula-hebrew/main/WLC/lowfat/03-Lev-003-lowfat.xml...
Fetching https://raw.githubusercontent.com/Clear-Bible/macula-hebrew/main/WLC/lowfat/03-Lev-004-lowfat.xml...
Fetching https://raw.githubusercontent.com/Clear-Bible/macula-hebrew/main/WLC/lowfat/03-Lev-005-lowfat.xml...
Fetching https://raw.githubusercontent.com/Clear-Bible/macula-hebrew/main/WLC/lowfat/03-Lev-006-lowfat.xml...
Fetching https://raw.githubusercontent.com/Clear-Bible/macula-hebrew/main/WLC/lowfat/03-Lev-007-lowfat.xml...
Fetching https://raw.githubusercontent.com/Clear-Bible/macula-hebrew/main/WLC/lowfat/03-Lev-008-lowfat.xml...
Fetching https://raw.githubusercontent.com/Clear-Bible/macula-hebrew/main/WLC/lowfat/03-Lev-009-lowfat.xml...
Fetching https://raw.githubusercontent.com/Clear-Bible/macula-hebrew/main/WLC/lowfat/03-Lev-010-lowfat.xml...
Fetching https://raw.githubusercontent.com/Clear-Bible/macula-hebrew/main/WLC/lowfat/03-Lev-011-lowfat.xml...
Fetching https://raw.githubusercontent.com/Clear-Bible/macula-hebrew/main/WLC/lowfat/03-Lev-012-lowfat.xml...
Fetching https://raw.githubusercontent.com/Clear-Bible/macula-hebrew/main/WLC/lowfat/03-Lev-013-lowfat.xml...
Fetching https://raw.githubusercontent.com/Clear-Bible/macula-hebrew/main/WLC/lowfat/03-Lev-014-lowfat.xml...
Fetching https://raw.githubusercontent.com/Clear-Bible/macula-hebrew/main/WLC/lowfat/03-Lev-015-lowfat.xml...
Fetching https://raw.githubusercontent.com/Clear-Bible/macula-hebrew/main/WLC/lowfat/03-Lev-016-lowfat.xml...
Fetching https://raw.githubusercontent.com/Clear-Bible/macula-hebrew/main/WLC/lowfat/03-Lev-017-lowfat.xml...
Fetching https://raw.githubusercontent.com/Clear-Bible/macula-hebrew/main/WLC/lowfat/03-Lev-018-lowfat.xml...
Fetching https://raw.githubusercontent.com/Clear-Bible/macula-hebrew/main/WLC/lowfat/03-Lev-019-lowfat.xml...
Fetching https://raw.githubusercontent.com/Clear-Bible/macula-hebrew/main/WLC/lowfat/03-Lev-020-lowfat.xml...
Fetching https://raw.githubusercontent.com/Clear-Bible/macula-hebrew/main/WLC/lowfat/03-Lev-021-lowfat.xml...
Fetching https://raw.githubusercontent.com/Clear-Bible/macula-hebrew/main/WLC/lowfat/03-Lev-022-lowfat.xml...
Fetching https://raw.githubusercontent.com/Clear-Bible/macula-hebrew/main/WLC/lowfat/03-Lev-023-lowfat.xml...
Fetching https://raw.githubusercontent.com/Clear-Bible/macula-hebrew/main/WLC/lowfat/03-Lev-024-lowfat.xml...
Fetching https://raw.githubusercontent.com/Clear-Bible/macula-hebrew/main/WLC/lowfat/03-Lev-025-lowfat.xml...
Fetching https://raw.githubusercontent.com/Clear-Bible/macula-hebrew/main/WLC/lowfat/03-Lev-026-lowfat.xml...
Fetching https://raw.githubusercontent.com/Clear-Bible/macula-hebrew/main/WLC/lowfat/03-Lev-027-lowfat.xml...
Fetching https://raw.githubusercontent.com/Clear-Bible/macula-hebrew/main/WLC/lowfat/04-Num-001-lowfat.xml...
Fetching https://raw.githubusercontent.com/Clear-Bible/macula-hebrew/main/WLC/lowfat/04-Num-002-lowfat.xml...
Fetching https://raw.githubusercontent.com/Clear-Bible/macula-hebrew/main/WLC/lowfat/04-Num-003-lowfat.xml...
Fetching https://raw.githubusercontent.com/Clear-Bible/macula-hebrew/main/WLC/lowfat/04-Num-004-lowfat.xml...
Fetching https://raw.githubusercontent.com/Clear-Bible/macula-hebrew/main/WLC/lowfat/04-Num-005-lowfat.xml...
Fetching https://raw.githubusercontent.com/Clear-Bible/macula-hebrew/main/WLC/lowfat/04-Num-006-lowfat.xml...
Fetching https://raw.githubusercontent.com/Clear-Bible/macula-hebrew/main/WLC/lowfat/04-Num-007-lowfat.xml...
Fetching https://raw.githubusercontent.com/Clear-Bible/macula-hebrew/main/WLC/lowfat/04-Num-008-lowfat.xml...
Fetching https://raw.githubusercontent.com/Clear-Bible/macula-hebrew/main/WLC/lowfat/04-Num-009-lowfat.xml...
Fetching https://raw.githubusercontent.com/Clear-Bible/macula-hebrew/main/WLC/lowfat/04-Num-010-lowfat.xml...
Fetching https://raw.githubusercontent.com/Clear-Bible/macula-hebrew/main/WLC/lowfat/04-Num-011-lowfat.xml...
Fetching https://raw.githubusercontent.com/Clear-Bible/macula-hebrew/main/WLC/lowfat/04-Num-012-lowfat.xml...
Fetching https://raw.githubusercontent.com/Clear-Bible/macula-hebrew/main/WLC/lowfat/04-Num-013-lowfat.xml...
Fetching https://raw.githubusercontent.com/Clear-Bible/macula-hebrew/main/WLC/lowfat/04-Num-014-lowfat.xml...
Fetching https://raw.githubusercontent.com/Clear-Bible/macula-hebrew/main/WLC/lowfat/04-Num-015-lowfat.xml...
Fetching https://raw.githubusercontent.com/Clear-Bible/macula-hebrew/main/WLC/lowfat/04-Num-016-lowfat.xml...
Fetching https://raw.githubusercontent.com/Clear-Bible/macula-hebrew/main/WLC/lowfat/04-Num-017-lowfat.xml...
Fetching https://raw.githubusercontent.com/Clear-Bible/macula-hebrew/main/WLC/lowfat/04-Num-018-lowfat.xml...
Fetching https://raw.githubusercontent.com/Clear-Bible/macula-hebrew/main/WLC/lowfat/04-Num-019-lowfat.xml...
Fetching https://raw.githubusercontent.com/Clear-Bible/macula-hebrew/main/WLC/lowfat/04-Num-020-lowfat.xml...
Fetching https://raw.githubusercontent.com/Clear-Bible/macula-hebrew/main/WLC/lowfat/04-Num-021-lowfat.xml...
Fetching https://raw.githubusercontent.com/Clear-Bible/macula-hebrew/main/WLC/lowfat/04-Num-022-lowfat.xml...
Fetching https://raw.githubusercontent.com/Clear-Bible/macula-hebrew/main/WLC/lowfat/04-Num-023-lowfat.xml...
Fetching https://raw.githubusercontent.com/Clear-Bible/macula-hebrew/main/WLC/lowfat/04-Num-024-lowfat.xml...
Fetching https://raw.githubusercontent.com/Clear-Bible/macula-hebrew/main/WLC/lowfat/04-Num-025-lowfat.xml...
Fetching https://raw.githubusercontent.com/Clear-Bible/macula-hebrew/main/WLC/lowfat/04-Num-026-lowfat.xml...
Fetching https://raw.githubusercontent.com/Clear-Bible/macula-hebrew/main/WLC/lowfat/04-Num-027-lowfat.xml...
Fetching https://raw.githubusercontent.com/Clear-Bible/macula-hebrew/main/WLC/lowfat/04-Num-028-lowfat.xml...
Fetching https://raw.githubusercontent.com/Clear-Bible/macula-hebrew/main/WLC/lowfat/04-Num-029-lowfat.xml...
Fetching https://raw.githubusercontent.com/Clear-Bible/macula-hebrew/main/WLC/lowfat/04-Num-030-lowfat.xml...
Fetching https://raw.githubusercontent.com/Clear-Bible/macula-hebrew/main/WLC/lowfat/04-Num-031-lowfat.xml...
Fetching https://raw.githubusercontent.com/Clear-Bible/macula-hebrew/main/WLC/lowfat/04-Num-032-lowfat.xml...
Fetching https://raw.githubusercontent.com/Clear-Bible/macula-hebrew/main/WLC/lowfat/04-Num-033-lowfat.xml...
Fetching https://raw.githubusercontent.com/Clear-Bible/macula-hebrew/main/WLC/lowfat/04-Num-034-lowfat.xml...
Fetching https://raw.githubusercontent.com/Clear-Bible/macula-hebrew/main/WLC/lowfat/04-Num-035-lowfat.xml...
Fetching https://raw.githubusercontent.com/Clear-Bible/macula-hebrew/main/WLC/lowfat/04-Num-036-lowfat.xml...
Fetching https://raw.githubusercontent.com/Clear-Bible/macula-hebrew/main/WLC/lowfat/05-Deu-001-lowfat.xml...
Fetching https://raw.githubusercontent.com/Clear-Bible/macula-hebrew/main/WLC/lowfat/05-Deu-002-lowfat.xml...
Fetching https://raw.githubusercontent.com/Clear-Bible/macula-hebrew/main/WLC/lowfat/05-Deu-003-lowfat.xml...
Fetching https://raw.githubusercontent.com/Clear-Bible/macula-hebrew/main/WLC/lowfat/05-Deu-004-lowfat.xml...
Fetching https://raw.githubusercontent.com/Clear-Bible/macula-hebrew/main/WLC/lowfat/05-Deu-005-lowfat.xml...
Fetching https://raw.githubusercontent.com/Clear-Bible/macula-hebrew/main/WLC/lowfat/05-Deu-006-lowfat.xml...
Fetching https://raw.githubusercontent.com/Clear-Bible/macula-hebrew/main/WLC/lowfat/05-Deu-007-lowfat.xml...
Fetching https://raw.githubusercontent.com/Clear-Bible/macula-hebrew/main/WLC/lowfat/05-Deu-008-lowfat.xml...
Fetching https://raw.githubusercontent.com/Clear-Bible/macula-hebrew/main/WLC/lowfat/05-Deu-009-lowfat.xml...
Fetching https://raw.githubusercontent.com/Clear-Bible/macula-hebrew/main/WLC/lowfat/05-Deu-010-lowfat.xml...
Fetching https://raw.githubusercontent.com/Clear-Bible/macula-hebrew/main/WLC/lowfat/05-Deu-011-lowfat.xml...
Fetching https://raw.githubusercontent.com/Clear-Bible/macula-hebrew/main/WLC/lowfat/05-Deu-012-lowfat.xml...
Fetching https://raw.githubusercontent.com/Clear-Bible/macula-hebrew/main/WLC/lowfat/05-Deu-013-lowfat.xml...
Fetching https://raw.githubusercontent.com/Clear-Bible/macula-hebrew/main/WLC/lowfat/05-Deu-014-lowfat.xml...
Fetching https://raw.githubusercontent.com/Clear-Bible/macula-hebrew/main/WLC/lowfat/05-Deu-015-lowfat.xml...
Fetching https://raw.githubusercontent.com/Clear-Bible/macula-hebrew/main/WLC/lowfat/05-Deu-016-lowfat.xml...
Fetching https://raw.githubusercontent.com/Clear-Bible/macula-hebrew/main/WLC/lowfat/05-Deu-017-lowfat.xml...
Fetching https://raw.githubusercontent.com/Clear-Bible/macula-hebrew/main/WLC/lowfat/05-Deu-018-lowfat.xml...
Fetching https://raw.githubusercontent.com/Clear-Bible/macula-hebrew/main/WLC/lowfat/05-Deu-019-lowfat.xml...
Fetching https://raw.githubusercontent.com/Clear-Bible/macula-hebrew/main/WLC/lowfat/05-Deu-020-lowfat.xml...
Fetching https://raw.githubusercontent.com/Clear-Bible/macula-hebrew/main/WLC/lowfat/05-Deu-021-lowfat.xml...
Fetching https://raw.githubusercontent.com/Clear-Bible/macula-hebrew/main/WLC/lowfat/05-Deu-022-lowfat.xml...
Fetching https://raw.githubusercontent.com/Clear-Bible/macula-hebrew/main/WLC/lowfat/05-Deu-023-lowfat.xml...
Fetching https://raw.githubusercontent.com/Clear-Bible/macula-hebrew/main/WLC/lowfat/05-Deu-024-lowfat.xml...
Fetching https://raw.githubusercontent.com/Clear-Bible/macula-hebrew/main/WLC/lowfat/05-Deu-025-lowfat.xml...
Fetching https://raw.githubusercontent.com/Clear-Bible/macula-hebrew/main/WLC/lowfat/05-Deu-026-lowfat.xml...
Fetching https://raw.githubusercontent.com/Clear-Bible/macula-hebrew/main/WLC/lowfat/05-Deu-027-lowfat.xml...
Fetching https://raw.githubusercontent.com/Clear-Bible/macula-hebrew/main/WLC/lowfat/05-Deu-028-lowfat.xml...
Fetching https://raw.githubusercontent.com/Clear-Bible/macula-hebrew/main/WLC/lowfat/05-Deu-029-lowfat.xml...
Fetching https://raw.githubusercontent.com/Clear-Bible/macula-hebrew/main/WLC/lowfat/05-Deu-030-lowfat.xml...
Fetching https://raw.githubusercontent.com/Clear-Bible/macula-hebrew/main/WLC/lowfat/05-Deu-031-lowfat.xml...
Fetching https://raw.githubusercontent.com/Clear-Bible/macula-hebrew/main/WLC/lowfat/05-Deu-032-lowfat.xml...
Fetching https://raw.githubusercontent.com/Clear-Bible/macula-hebrew/main/WLC/lowfat/05-Deu-033-lowfat.xml...
Fetching https://raw.githubusercontent.com/Clear-Bible/macula-hebrew/main/WLC/lowfat/05-Deu-034-lowfat.xml...
Fetching https://raw.githubusercontent.com/Clear-Bible/macula-hebrew/main/WLC/lowfat/06-Jos-001-lowfat.xml...
Fetching https://raw.githubusercontent.com/Clear-Bible/macula-hebrew/main/WLC/lowfat/06-Jos-002-lowfat.xml...
Fetching https://raw.githubusercontent.com/Clear-Bible/macula-hebrew/main/WLC/lowfat/06-Jos-003-lowfat.xml...
Fetching https://raw.githubusercontent.com/Clear-Bible/macula-hebrew/main/WLC/lowfat/06-Jos-004-lowfat.xml...
Fetching https://raw.githubusercontent.com/Clear-Bible/macula-hebrew/main/WLC/lowfat/06-Jos-005-lowfat.xml...
Fetching https://raw.githubusercontent.com/Clear-Bible/macula-hebrew/main/WLC/lowfat/06-Jos-006-lowfat.xml...
Fetching https://raw.githubusercontent.com/Clear-Bible/macula-hebrew/main/WLC/lowfat/06-Jos-007-lowfat.xml...
Fetching https://raw.githubusercontent.com/Clear-Bible/macula-hebrew/main/WLC/lowfat/06-Jos-008-lowfat.xml...
Fetching https://raw.githubusercontent.com/Clear-Bible/macula-hebrew/main/WLC/lowfat/06-Jos-009-lowfat.xml...
Fetching https://raw.githubusercontent.com/Clear-Bible/macula-hebrew/main/WLC/lowfat/06-Jos-010-lowfat.xml...
Fetching https://raw.githubusercontent.com/Clear-Bible/macula-hebrew/main/WLC/lowfat/06-Jos-011-lowfat.xml...
Fetching https://raw.githubusercontent.com/Clear-Bible/macula-hebrew/main/WLC/lowfat/06-Jos-012-lowfat.xml...
Fetching https://raw.githubusercontent.com/Clear-Bible/macula-hebrew/main/WLC/lowfat/06-Jos-013-lowfat.xml...
Fetching https://raw.githubusercontent.com/Clear-Bible/macula-hebrew/main/WLC/lowfat/06-Jos-014-lowfat.xml...
Fetching https://raw.githubusercontent.com/Clear-Bible/macula-hebrew/main/WLC/lowfat/06-Jos-015-lowfat.xml...
Fetching https://raw.githubusercontent.com/Clear-Bible/macula-hebrew/main/WLC/lowfat/06-Jos-016-lowfat.xml...
Fetching https://raw.githubusercontent.com/Clear-Bible/macula-hebrew/main/WLC/lowfat/06-Jos-017-lowfat.xml...
Fetching https://raw.githubusercontent.com/Clear-Bible/macula-hebrew/main/WLC/lowfat/06-Jos-018-lowfat.xml...
Fetching https://raw.githubusercontent.com/Clear-Bible/macula-hebrew/main/WLC/lowfat/06-Jos-019-lowfat.xml...
Fetching https://raw.githubusercontent.com/Clear-Bible/macula-hebrew/main/WLC/lowfat/06-Jos-020-lowfat.xml...
Fetching https://raw.githubusercontent.com/Clear-Bible/macula-hebrew/main/WLC/lowfat/06-Jos-021-lowfat.xml...
Fetching https://raw.githubusercontent.com/Clear-Bible/macula-hebrew/main/WLC/lowfat/06-Jos-022-lowfat.xml...
Fetching https://raw.githubusercontent.com/Clear-Bible/macula-hebrew/main/WLC/lowfat/06-Jos-023-lowfat.xml...
Fetching https://raw.githubusercontent.com/Clear-Bible/macula-hebrew/main/WLC/lowfat/06-Jos-024-lowfat.xml...
Fetching https://raw.githubusercontent.com/Clear-Bible/macula-hebrew/main/WLC/lowfat/07-Jdg-001-lowfat.xml...
Fetching https://raw.githubusercontent.com/Clear-Bible/macula-hebrew/main/WLC/lowfat/07-Jdg-002-lowfat.xml...
Fetching https://raw.githubusercontent.com/Clear-Bible/macula-hebrew/main/WLC/lowfat/07-Jdg-003-lowfat.xml...
Fetching https://raw.githubusercontent.com/Clear-Bible/macula-hebrew/main/WLC/lowfat/07-Jdg-004-lowfat.xml...
Fetching https://raw.githubusercontent.com/Clear-Bible/macula-hebrew/main/WLC/lowfat/07-Jdg-005-lowfat.xml...
Fetching https://raw.githubusercontent.com/Clear-Bible/macula-hebrew/main/WLC/lowfat/07-Jdg-006-lowfat.xml...
Fetching https://raw.githubusercontent.com/Clear-Bible/macula-hebrew/main/WLC/lowfat/07-Jdg-007-lowfat.xml...
Fetching https://raw.githubusercontent.com/Clear-Bible/macula-hebrew/main/WLC/lowfat/07-Jdg-008-lowfat.xml...
Fetching https://raw.githubusercontent.com/Clear-Bible/macula-hebrew/main/WLC/lowfat/07-Jdg-009-lowfat.xml...
Fetching https://raw.githubusercontent.com/Clear-Bible/macula-hebrew/main/WLC/lowfat/07-Jdg-010-lowfat.xml...
Fetching https://raw.githubusercontent.com/Clear-Bible/macula-hebrew/main/WLC/lowfat/07-Jdg-011-lowfat.xml...
Fetching https://raw.githubusercontent.com/Clear-Bible/macula-hebrew/main/WLC/lowfat/07-Jdg-012-lowfat.xml...
Fetching https://raw.githubusercontent.com/Clear-Bible/macula-hebrew/main/WLC/lowfat/07-Jdg-013-lowfat.xml...
Fetching https://raw.githubusercontent.com/Clear-Bible/macula-hebrew/main/WLC/lowfat/07-Jdg-014-lowfat.xml...
Fetching https://raw.githubusercontent.com/Clear-Bible/macula-hebrew/main/WLC/lowfat/07-Jdg-015-lowfat.xml...
Fetching https://raw.githubusercontent.com/Clear-Bible/macula-hebrew/main/WLC/lowfat/07-Jdg-016-lowfat.xml...
Fetching https://raw.githubusercontent.com/Clear-Bible/macula-hebrew/main/WLC/lowfat/07-Jdg-017-lowfat.xml...
Fetching https://raw.githubusercontent.com/Clear-Bible/macula-hebrew/main/WLC/lowfat/07-Jdg-018-lowfat.xml...
Fetching https://raw.githubusercontent.com/Clear-Bible/macula-hebrew/main/WLC/lowfat/07-Jdg-019-lowfat.xml...
Fetching https://raw.githubusercontent.com/Clear-Bible/macula-hebrew/main/WLC/lowfat/07-Jdg-020-lowfat.xml...
Fetching https://raw.githubusercontent.com/Clear-Bible/macula-hebrew/main/WLC/lowfat/07-Jdg-021-lowfat.xml...
Fetching https://raw.githubusercontent.com/Clear-Bible/macula-hebrew/main/WLC/lowfat/08-Rut-001-lowfat.xml...
Fetching https://raw.githubusercontent.com/Clear-Bible/macula-hebrew/main/WLC/lowfat/08-Rut-002-lowfat.xml...
Fetching https://raw.githubusercontent.com/Clear-Bible/macula-hebrew/main/WLC/lowfat/08-Rut-003-lowfat.xml...
Fetching https://raw.githubusercontent.com/Clear-Bible/macula-hebrew/main/WLC/lowfat/08-Rut-004-lowfat.xml...
Fetching https://raw.githubusercontent.com/Clear-Bible/macula-hebrew/main/WLC/lowfat/09-1Sa-001-lowfat.xml...
Fetching https://raw.githubusercontent.com/Clear-Bible/macula-hebrew/main/WLC/lowfat/09-1Sa-002-lowfat.xml...
